<?xml version="1.0" encoding="UTF-8"?>
<testsuite name="AppTest" tests="1" skipped="0" failures="0" errors="0" timestamp="2017-03-19T14:15:14" hostname="DESKTOP-78CSS9B" time="0.001">
  <properties/>
  <testcase name="testAppHasAGreeting" classname="AppTest" time="0.001"/>
  <system-out><![CDATA[]]></system-out>
  <system-err><![CDATA[]]></system-err>
</testsuite>
